  Checking Build System
  CMake is re-running because I:/optical flow/code/cxx/opticalFlowComparison/build/CMakeFiles/generate.stamp is out-of-date.
    the file 'I:/optical flow/code/cxx/opticalFlowComparison/CMakeLists.txt'
    is newer than 'I:/optical flow/code/cxx/opticalFlowComparison/build/CMakeFiles/generate.stamp.depend'
    result='-1'
  -- Configuring done
  CMake Warning (dev) in CMakeLists.txt:
    Policy CMP0020 is not set: Automatically link Qt executables to qtmain
    target on Windows.  Run "cmake --help-policy CMP0020" for policy details.
    Use the cmake_policy command to set the policy and suppress this warning.
  This warning is for project developers.  Use -Wno-dev to suppress it.
  
  CMake Warning (dev) in CMakeLists.txt:
    Policy CMP0020 is not set: Automatically link Qt executables to qtmain
    target on Windows.  Run "cmake --help-policy CMP0020" for policy details.
    Use the cmake_policy command to set the policy and suppress this warning.
  This warning is for project developers.  Use -Wno-dev to suppress it.
  
  CMake Warning (dev) in CMakeLists.txt:
    Policy CMP0020 is not set: Automatically link Qt executables to qtmain
    target on Windows.  Run "cmake --help-policy CMP0020" for policy details.
    Use the cmake_policy command to set the policy and suppress this warning.
  This warning is for project developers.  Use -Wno-dev to suppress it.
  
  CMake Warning (dev) in CMakeLists.txt:
    Policy CMP0020 is not set: Automatically link Qt executables to qtmain
    target on Windows.  Run "cmake --help-policy CMP0020" for policy details.
    Use the cmake_policy command to set the policy and suppress this warning.
  This warning is for project developers.  Use -Wno-dev to suppress it.
  
  CMake Warning (dev) in CMakeLists.txt:
    Policy CMP0020 is not set: Automatically link Qt executables to qtmain
    target on Windows.  Run "cmake --help-policy CMP0020" for policy details.
    Use the cmake_policy command to set the policy and suppress this warning.
  This warning is for project developers.  Use -Wno-dev to suppress it.
  
  CMake Warning (dev) in CMakeLists.txt:
    Policy CMP0020 is not set: Automatically link Qt executables to qtmain
    target on Windows.  Run "cmake --help-policy CMP0020" for policy details.
    Use the cmake_policy command to set the policy and suppress this warning.
  This warning is for project developers.  Use -Wno-dev to suppress it.
  
  CMake Warning (dev) in CMakeLists.txt:
    Policy CMP0020 is not set: Automatically link Qt executables to qtmain
    target on Windows.  Run "cmake --help-policy CMP0020" for policy details.
    Use the cmake_policy command to set the policy and suppress this warning.
  This warning is for project developers.  Use -Wno-dev to suppress it.
  
  CMake Warning (dev) in CMakeLists.txt:
    Policy CMP0020 is not set: Automatically link Qt executables to qtmain
    target on Windows.  Run "cmake --help-policy CMP0020" for policy details.
    Use the cmake_policy command to set the policy and suppress this warning.
  This warning is for project developers.  Use -Wno-dev to suppress it.
  
  CMake Warning (dev) in CMakeLists.txt:
    Policy CMP0020 is not set: Automatically link Qt executables to qtmain
    target on Windows.  Run "cmake --help-policy CMP0020" for policy details.
    Use the cmake_policy command to set the policy and suppress this warning.
  This warning is for project developers.  Use -Wno-dev to suppress it.
  
  -- Generating done
  -- Build files have been written to: I:/optical flow/code/cxx/opticalFlowComparison/build
